<?xml version="1.0" encoding="UTF-8"?>
<!-- Generated by org.testng.reporters.JUnitReportReporter -->
<testsuite hostname="LAPTOP-GEDO5C2J" failures="0" tests="1" name="API_tests.PutPatchDeleteExapmle" time="2.129" errors="0" timestamp="2021-08-31T22:05:02 IST" skipped="0">
  <testcase classname="API_tests.PutPatchDeleteExapmle" name="testDELETE" time="2.129"/>
  <system-out/>
</testsuite> <!-- API_tests.PutPatchDeleteExapmle -->
