<?xml version="1.0" encoding="UTF-8"?>
<!-- Generated by org.testng.reporters.JUnitReportReporter -->
<testsuite hostname="LAPTOP-GEDO5C2J" failures="0" tests="1" name="API_tests.SOAPXmlSchemaValidation" time="3.044" errors="0" timestamp="2021-09-01T00:37:22 IST" skipped="0">
  <testcase classname="API_tests.SOAPXmlSchemaValidation" name="testPOST" time="3.044"/>
  <system-out/>
</testsuite> <!-- API_tests.SOAPXmlSchemaValidation -->
