<?xml version="1.0" encoding="UTF-8"?>
<!-- Generated by org.testng.reporters.JUnitReportReporter -->
<testsuite hostname="LAPTOP-GEDO5C2J" failures="0" tests="1" name="API_tests.GETandPOSTExample" time="2.273" errors="0" timestamp="2021-08-31T21:30:42 IST" skipped="0">
  <testcase classname="API_tests.GETandPOSTExample" name="testPOST" time="2.273"/>
  <system-out/>
</testsuite> <!-- API_tests.GETandPOSTExample -->
