<?xml version="1.0" encoding="UTF-8"?>
<!-- Generated by org.testng.reporters.JUnitReportReporter -->
<testsuite hostname="LAPTOP-GEDO5C2J" failures="0" tests="1" name="API_tests.TestsExample" time="3.507" errors="0" timestamp="2021-08-31T21:10:20 IST" skipped="0">
  <testcase classname="API_tests.TestsExample" name="testGET_2" time="3.507"/>
  <system-out/>
</testsuite> <!-- API_tests.TestsExample -->
