<?xml version="1.0" encoding="UTF-8"?>
<!-- Generated by org.testng.reporters.JUnitReportReporter -->
<testsuite hostname="LAPTOP-GEDO5C2J" failures="0" tests="1" name="API_tests.SOAPXmlRequest" time="2.840" errors="0" timestamp="2021-09-01T00:37:46 IST" skipped="0">
  <testcase classname="API_tests.SOAPXmlRequest" name="testPOST" time="2.840"/>
  <system-out/>
</testsuite> <!-- API_tests.SOAPXmlRequest -->
