<?xml version="1.0" encoding="UTF-8"?>
<!-- Generated by org.testng.reporters.JUnitReportReporter -->
<testsuite hostname="LAPTOP-GEDO5C2J" failures="0" tests="1" name="API_tests.TestsOnLocalAPI" time="2.096" errors="0" timestamp="2021-08-31T22:44:28 IST" skipped="0">
  <testcase classname="API_tests.TestsOnLocalAPI" name="testPOST" time="2.096"/>
  <system-out/>
</testsuite> <!-- API_tests.TestsOnLocalAPI -->
