<?xml version="1.0" encoding="UTF-8"?>
<!-- Generated by org.testng.reporters.JUnitReportReporter -->
<testsuite hostname="LAPTOP-GEDO5C2J" failures="0" tests="1" name="API_tests.JSONSchemaValidator" time="3.251" errors="0" timestamp="2021-08-31T23:35:22 IST" skipped="0">
  <testcase classname="API_tests.JSONSchemaValidator" name="testGET" time="3.251"/>
  <system-out/>
</testsuite> <!-- API_tests.JSONSchemaValidator -->
